<?xml version="1.0" encoding="UTF-8"?>
<testng-results ignored="0" total="3" passed="3" failed="0" skipped="0">
  <reporter-output>
  </reporter-output>
  <suite started-at="2024-06-13T18:14:57 IST" name="Default suite" finished-at="2024-06-13T18:14:57 IST" duration-ms="34">
    <groups>
    </groups>
    <test started-at="2024-06-13T18:14:57 IST" name="Default test" finished-at="2024-06-13T18:14:57 IST" duration-ms="34">
      <class name="day1.MyTest">
        <test-method signature="testMethod1()[pri:0, instance:day1.MyTest@3c73951]" started-at="2024-06-13T18:14:57 IST" name="testMethod1" finished-at="2024-06-13T18:14:57 IST" duration-ms="6" status="PASS">
          <reporter-output>
          </reporter-output>
        </test-method> <!-- testMethod1 -->
        <test-method signature="testMethod2()[pri:0, instance:day1.MyTest@3c73951]" started-at="2024-06-13T18:14:57 IST" name="testMethod2" finished-at="2024-06-13T18:14:57 IST" duration-ms="1" status="PASS">
          <reporter-output>
          </reporter-output>
        </test-method> <!-- testMethod2 -->
        <test-method signature="testMethod3()[pri:0, instance:day1.MyTest@3c73951]" started-at="2024-06-13T18:14:57 IST" name="testMethod3" finished-at="2024-06-13T18:14:57 IST" duration-ms="1" status="PASS">
          <reporter-output>
          </reporter-output>
        </test-method> <!-- testMethod3 -->
      </class> <!-- day1.MyTest -->
    </test> <!-- Default test -->
  </suite> <!-- Default suite -->
</testng-results>
